SF:lib\providers\math_provider.dart
DA:8,1
DA:12,2
DA:14,1
DA:16,2
DA:17,2
DA:18,1
DA:20,3
DA:21,1
LF:8
LH:8
end_of_record
SF:lib\services\math_expression.dart
DA:7,2
DA:9,4
DA:10,4
DA:11,2
LF:4
LH:4
end_of_record
SF:lib\static\evaluate_formula_state.dart
DA:8,4
DA:10,1
DA:11,2
DA:17,4
DA:19,1
DA:20,2
LF:6
LH:6
end_of_record
SF:lib\screens\home\widgets\formula_field_widget.dart
DA:4,4
DA:11,4
DA:13,4
DA:14,4
DA:15,4
DA:16,4
DA:20,4
DA:21,4
LF:8
LH:8
end_of_record
SF:lib\screens\home\home_screen.dart
DA:9,2
DA:13,2
DA:14,2
DA:20,2
DA:22,2
DA:23,2
DA:25,6
DA:28,2
DA:30,2
DA:32,2
DA:33,2
DA:35,2
DA:38,2
DA:40,4
DA:56,2
DA:57,4
DA:58,4
DA:60,2
DA:61,2
LF:19
LH:19
end_of_record
SF:lib\screens\home\widgets\action_button_widget.dart
DA:6,4
DA:11,3
DA:13,3
DA:14,3
DA:15,3
LF:5
LH:5
end_of_record
SF:lib\screens\home\widgets\result_text_widget.dart
DA:7,7
DA:17,3
DA:19,3
DA:20,3
DA:21,3
DA:22,6
DA:23,6
DA:26,3
DA:27,6
DA:31,3
LF:10
LH:10
end_of_record
